1520963474751	geckodriver	INFO	geckodriver 0.19.1
1520963474758	geckodriver	INFO	Listening on 127.0.0.1:41273
1520963476853	mozrunner::runner	INFO	Running command: "C:\\Program Files\\Firefox Developer Edition\\firefox.exe" "-marionette" "-profile" "C:\\Users\\THUNDE~1\\AppData\\Local\\Temp\\rust_mozprofile.L1biS6vLhDSR"
Unable to read VR Path Registry from C:\Users\ThunderBear\AppData\Local\openvr\openvrpaths.vrpath
Unable to read VR Path Registry from C:\Users\ThunderBear\AppData\Local\openvr\openvrpaths.vrpath
Unable to read VR Path Registry from C:\Users\ThunderBear\AppData\Local\openvr\openvrpaths.vrpath
Unable to read VR Path Registry from C:\Users\ThunderBear\AppData\Local\openvr\openvrpaths.vrpath
1520963479712	Marionette	INFO	Listening on port 41285
Unable to read VR Path Registry from C:\Users\ThunderBear\AppData\Local\openvr\openvrpaths.vrpath
1520963480088	Marionette	WARN	TLS certificate errors will be ignored for this session
1520963498462	addons.productaddons	ERROR	Request failed certificate checks: [Exception... "Certificate checks failed. See previous errors for details."  nsresult: "0x80070057 (NS_ERROR_ILLEGAL_VALUE)"  location: "JS frame :: resource://gre/modules/CertUtils.jsm :: validateCert :: line 108"  data: no]
1520963751609	geckodriver	INFO	geckodriver 0.19.1
1520963751618	geckodriver	INFO	Listening on 127.0.0.1:42056
1520963753692	mozrunner::runner	INFO	Running command: "C:\\Program Files\\Firefox Developer Edition\\firefox.exe" "-marionette" "-profile" "C:\\Users\\THUNDE~1\\AppData\\Local\\Temp\\rust_mozprofile.oYijajEqqhye"
Unable to read VR Path Registry from C:\Users\ThunderBear\AppData\Local\openvr\openvrpaths.vrpath
Unable to read VR Path Registry from C:\Users\ThunderBear\AppData\Local\openvr\openvrpaths.vrpath
Unable to read VR Path Registry from C:\Users\ThunderBear\AppData\Local\openvr\openvrpaths.vrpath
Unable to read VR Path Registry from C:\Users\ThunderBear\AppData\Local\openvr\openvrpaths.vrpath
1520963757092	Marionette	INFO	Listening on port 42068
Unable to read VR Path Registry from C:\Users\ThunderBear\AppData\Local\openvr\openvrpaths.vrpath
1520963757394	Marionette	WARN	TLS certificate errors will be ignored for this session
1520966683128	geckodriver	INFO	geckodriver 0.19.1
1520966683136	geckodriver	INFO	Listening on 127.0.0.1:49189
1520966685219	mozrunner::runner	INFO	Running command: "C:\\Program Files\\Firefox Developer Edition\\firefox.exe" "-marionette" "-profile" "C:\\Users\\THUNDE~1\\AppData\\Local\\Temp\\rust_mozprofile.kkRUhWcyuaWt"
Unable to read VR Path Registry from C:\Users\ThunderBear\AppData\Local\openvr\openvrpaths.vrpath
Unable to read VR Path Registry from C:\Users\ThunderBear\AppData\Local\openvr\openvrpaths.vrpath
Unable to read VR Path Registry from C:\Users\ThunderBear\AppData\Local\openvr\openvrpaths.vrpath
Unable to read VR Path Registry from C:\Users\ThunderBear\AppData\Local\openvr\openvrpaths.vrpath
1520966688550	Marionette	INFO	Listening on port 49197
Unable to read VR Path Registry from C:\Users\ThunderBear\AppData\Local\openvr\openvrpaths.vrpath
1520966688942	Marionette	WARN	TLS certificate errors will be ignored for this session
[Parent 14124, Gecko_IOThread] WARNING: pipe error: 109: file z:/build/build/src/ipc/chromium/src/chrome/common/ipc_channel_win.cc, line 346
[Parent 14124, Gecko_IOThread] WARNING: pipe error: 109: file z:/build/build/src/ipc/chromium/src/chrome/common/ipc_channel_win.cc, line 346
[Child 15240, Chrome_ChildThread] WARNING: pipe error: 109: file z:/build/build/src/ipc/chromium/src/chrome/common/ipc_channel_win.cc, line 346
[Child 15240, Chrome_ChildThread] WARNING: pipe error: 109: file z:/build/build/src/ipc/chromium/src/chrome/common/i[Parent 14124, Gecko_IOThread] WARNING: pipe error: 109: file z:/build/build/src/ipc/chromium/src/chrome/common/ipc_channel_win.cc, line 346

###!!! [Child][MessageChannel::SendAndWait] Error: Channel error: cannot send/recv

r\AppData\Local\openvr\openvrpaths.vrpath
1520966785582	Marionette	INFO	Listening on port 49691
1520966785816	Marionette	WARN	TLS certificate errors will be ignored for this session
console.error: "Protocol error (noSuchActor): No such actor for ID: server1.conn0.child1/highlighter47"
[Parent 15112, Gecko_IOThread] WARNING: pipe error: 109: file z:/build/build/src/ipc/chromium/src/chrome/common/ipc_channel_win.cc, line 346
[Child 15528, Chrome_ChildThread] WARNING: pipe error: 109: file z:/build/build/src/ipc/chromium/src/chrome/common/ipc_channel_win.cc, line 346
[Child 15528, Chrome_[Child 13016, Chrome_ChildThread] WARNING: pipe error: 109: file z:/build/build/src/ipc/chromium/src/chrome/common/ipc_channel_win.cc, line 346
[Child 13016, Chrome_ChildThread] WARNING: pipe error: 109: file z:/build/build/src/ipc/chromium/src/chrome/common/ipc_channel_win.cc, line 346
[Parent 15112, Gecko_IOThread] WARNING: pipe error: 109: file z:/build/build/src/ipc/chromium/src/chrome/common/ipc_channel_win.cc, line 346
[Child 16204, Chrome_ChildThread] WARNING: pipe error: 109: file z:/build/build/src/ipc/chromium/src/chrome/common/ipc_channel_win.cc, line 346
[Child 16204, Chrome_ChildThread] WARNING: pipe error: 109: file z:/build/build/src/ipc/chromium/src/chrome/common/ipc_channel_win.cc, line 346

###!!! [Child][MessageChannel::SendAndWait] Error: Channel error: cannot send/recv

1520966854478	geckodriver	INFO	geckodriver 0.19.1
1520966854489	geckodriver	INFO	Listening on 127.0.0.1:50042
1520966856573	mozrunner::runner	INFO	Running command: "C:\\Program Files\\Firefox Developer Edition\\firefox.exe" "-marionette" "-profile" "C:\\Users\\THUNDE~1\\AppData\\Local\\Temp\\rust_mozprofile.zf9fVctmtM1d"
Unable to read VR Path Registry from C:\Users\ThunderBear\AppData\Local\openvr\openvrpaths.vrpath
Unable to read VR Path Registry from C:\Users\ThunderBear\AppData\Local\openvr\openvrpaths.vrpath
Unable to read VR Path Registry from C:\Users\ThunderBear\AppData\Local\openvr\openvrpaths.vrpath
Unable to read VR Path Registry from C:\Users\ThunderBear\AppData\Local\openvr\openvrpaths.vrpath
1520966859934	Marionette	INFO	Listening on port 50053
1520966859968	Marionette	WARN	TLS certificate errors will be ignored for this session
Unable to read VR Path Registry from C:\Users\ThunderBear\AppData\Local\openvr\openvrpaths.vrpath
[Parent 16352, Gecko_IOThread] WARNING: pipe error: 109: file z:/build/build/src/ipc/chromium/src/chrome/common/ipc_channel_win.cc, line 346
[Child 14788, Chrome_ChildThread] WARNING: pipe error: 109: file z:/build/build/src/ipc/chromium/src/chrome/common/ipc_channel_win.cc, line 346
[Child 2576, Chrome_ChildThread] WARNING: pipe error: 109: file z:/build/build/src/ipc/chromium/src/chrome/common/ipc_channel_win.cc, line 346
*** UTM:SVC TimerManager:registerTimer called after profile-before-change notification. Ignoring timer registration for id: telemetry_modules_ping

###!!! [Child][MessageChannel::SendAndWait] Error: Channel error: cannot send/recv

1520966882279	geckodriver	INFO	geckodriver 0.19.1
1520966882288	geckodriver	INFO	Listening on 127.0.0.1:50192
1520966884376	mozrunner::runner	INFO	Running command: "C:\\Program Files\\Firefox Developer Edition\\firefox.exe" "-marionette" "-profile" "C:\\Users\\THUNDE~1\\AppData\\Local\\Temp\\rust_mozprofile.AIkI9ZovPoRY"
Unable to read VR Path Registry from C:\Users\ThunderBear\AppData\Local\openvr\openvrpaths.vrpath
Unable to read VR Path Registry from C:\Users\ThunderBear\AppData\Local\openvr\openvrpaths.vrpath
Unable to read VR Path Registry from C:\Users\ThunderBear\AppData\Local\openvr\openvrpaths.vrpath
Unable to read VR Path Registry from C:\Users\ThunderBear\AppData\Local\openvr\openvrpaths.vrpath
1520966887688	Marionette	INFO	Listening on port 50202
Unable to read VR Path Registry from C:\Users\ThunderBear\AppData\Local\openvr\openvrpaths.vrpath
1520966888164	Marionette	WARN	TLS certificate errors will be ignored for this session
[Parent 700, Gecko_IOThread] WARNING: pipe error: 109: file z:/build/build/src/ipc/chromium/src/chrome/common/ipc_channel_win.cc, line 346
[Parent 700, Gecko_IOThread] WARNING: pipe error: 109: file z:/build/build/src/ipc/chromium/src/chrome/common/ipc_channel_win.cc, line 346
[Child 11180, Chrome_ChildThread] WARNING: pipe error: 109: file z:/build/build/src/ipc/chromium/src/chrome/common/ipc_channel_win.cc, line 346
[Child 11180[Child 15880, Chrome_ChildThread] WARNING: pipe error: 109: file z:/build/build/src/ipc/chromium/src/chrome/common/ipc_channel_win.cc, line 346
[Parent 700, Gecko_IOThread] WARNING: pipe error: 109: file z:/build/build/src/ipc/chromium/src/chrome/common/ipc_channel_win.cc, line 346
[Child 2324, Chrome_ChildThread] WARNING: pipe error: 109: file z:/build/build/src/ipc/chromium/src/chrome/common/ipc_channel_win.cc, line 346
[Child 2324, Chrome_ChildThread] WARNING: pipe error: 109: file z:/build/build/src/ipc/chromium/src/chrome/common/ipc_channel_win.cc, line 346
*** UTM:SVC TimerManager:registerTimer called after profile-before-change notification. Ignoring timer registration for id: telemetry_modules_ping

###!!! [Child][MessageChannel::SendAndWait] Error: Channel error: cannot send/recv

1520967711961	geckodriver	INFO	geckodriver 0.19.1
1520967711971	geckodriver	INFO	Listening on 127.0.0.1:52544
1520967714042	mozrunner::runner	INFO	Running command: "C:\\Program Files\\Firefox Developer Edition\\firefox.exe" "-marionette" "-profile" "C:\\Users\\THUNDE~1\\AppData\\Local\\Temp\\rust_mozprofile.RoJJbiEGxR8q"
Unable to read VR Path Registry from C:\Users\ThunderBear\AppData\Local\openvr\openvrpaths.vrpath
Unable to read VR Path Registry from C:\Users\ThunderBear\AppData\Local\openvr\openvrpaths.vrpath
Unable to read VR Path Registry from C:\Users\ThunderBear\AppData\Local\openvr\openvrpaths.vrpath
Unable to read VR Path Registry from C:\Users\ThunderBear\AppData\Local\openvr\openvrpaths.vrpath
1520967716808	Marionette	INFO	Listening on port 52554
Unable to read VR Path Registry from C:\Users\ThunderBear\AppData\Local\openvr\openvrpaths.vrpath
1520967717436	Marionette	WARN	TLS certificate errors will be ignored for this session

###!!! [Parent][DispatchAsyncMessage] Error: PClientSourceOp::Msg___delete__ Route error: message sent to unknown actor ID


###!!! [Parent][DispatchAsyncMessage] Error: PClientSourceOp::Msg___delete__ Route error: message sent to unknown actor ID

[Child 15272, MediaPlayback #3] WARNING: Decoder=1b6dad7a6a0 Decode error: NS_ERROR_DOM_MEDIA_FATAL_ERR (0x806e0005) - class RefPtr<class mozilla::MozPromise<class RefPtr<class mozilla::MediaTrackDemuxer::SamplesHolder>,class mozilla::MediaResult,1> > __cdecl mozilla::MediaSourceTrackDemuxer::DoGetSamples(int): manager is detached.: file z:/build/build/src/dom/media/MediaDecoderStateMachine.cpp, line 3445
[Child 15272, MediaPlayback #3] WARNING: Decoder=1b6dad7a6a0 Decode error: NS_ERROR_DOM_MEDIA_FATAL_ERR (0x806e0005) - class RefPtr<class mozilla::MozPromise<class RefPtr<class mozilla::MediaTrackDemuxer::SamplesHolder>,class mozilla::MediaResult,1> > __cdecl mozilla::MediaSourceTrackDemuxer::DoGetSamples(int): manager is detached.: file z:/build/build/src/dom/media/MediaDecoderStateMachine.cpp, line 3445
[Child 15272, MediaPlayback #1] WARNING: Decoder=1b6dad7a6a0 Decode error: NS_ERROR_DOM_MEDIA_FATAL_ERR (0x806e0005) - class RefPtr<class mozilla::MozPromise<class RefPtr<class mozilla::MediaTrackDemuxer::SamplesHolder>,class mozilla::MediaResult,1> > __cdecl mozilla::MediaSourceTrackDemuxer::DoGetSamples(int): manager is detached.: file z:/build/build/src/dom/media/MediaDecoderStateMachine.cpp, line 3445

###!!! [Parent][DispatchAsyncMessage] Error: PClientSourceOp::Msg___delete__ Route error: message sent to unknown actor ID


###!!! [Parent][DispatchAsyncMessage] Error: PClientSourceOp::Msg___delete__ Route error: message sent to unknown actor ID

[Parent 5032, Gecko_IOThread] WARNING: pipe error: 109: file z:/build/build/src/ipc/chromium/src/chrome/common/ipc_channel_win.cc, line 346
[Child 18236, Chrome_ChildThread] WARNING: pipe error: 109: file z:/build/build/src/ipc/chromium/src/chrome/common/ipc_channel_win.cc, line 346
[Child 18236, Chrome_ChildThread] WARNING: pipe error: 109: file z:/build/build/src/ipc/chromium/src/chrome/common/ipc_channel_win.cc, line 346
[Child 15272, Chrome_ChildThread] WARNING: pipe error: 109: file z:/build/build/src/ipc/chromium/src/chrome/common/ipc_channel_win.cc, line 346

###!!! [Child][RunMessage] Error: Channel closing: too late to send/recv, messages will be lost


###!!! [Child][RunMessage] Error: Channel closing: too late to send/recv, messages will be lost


###!!! [Child][RunMessage] Error: Channel closing: too late to send/recv, messages will be lost


###!!! [Child][RunMessage] Error: Channel closing: too late to send/recv, messages will be lost


###!!! [Child][RunMessage] Error: Channel closing: too late to send/recv, messages will be lost


###!!! [Child][RunMessage] Error: Channel closing: too late to send/recv, messages will be lost


###!!! [Child][RunMessage] Error: Channel closing: too late to send/recv, messages will be lost


###!!! [Child][RunMessage] Error: Channel closing: too late to send/recv, messages will be lost


###!!! [Child][RunMessage] Error: Channel closing: too late to send/recv, messages will be lost


###!!! [Child][RunMessage] Error: Channel closing: too late to send/recv, messages will be lost


###!!! [Child][RunMessage] Error: Channel closing: too late to send/recv, messages will be lost

[Parent 5032, Gecko_IOThread] WARNING: pipe error: 109: file z:/build/build/src/ipc/chromium/src/chrome/common/ipc_channel_win.cc, line 346
[Child 2256, Chrome_ChildThread] WARNING: pipe error: 109: file z:/build/build/src/ipc/chromium/src/chrome/common/ipc_channel_win.cc, line 346
[Child 2256
###!!! [Child][MessageChannel::SendAndWait] Error: Channel error: cannot send/recv

1520970353312	geckodriver	INFO	geckodriver 0.19.1
1520970353325	geckodriver	INFO	Listening on 127.0.0.1:58406
1520970355438	mozrunner::runner	INFO	Running command: "C:\\Program Files\\Firefox Developer Edition\\firefox.exe" "-marionette" "-profile" "C:\\Users\\THUNDE~1\\AppData\\Local\\Temp\\rust_mozprofile.RKcTx7JC2KTa"
Unable to read VR Path Registry from C:\Users\ThunderBear\AppData\Local\openvr\openvrpaths.vrpath
Unable to read VR Path Registry from C:\Users\ThunderBear\AppData\Local\openvr\openvrpaths.vrpath
Unable to read VR Path Registry from C:\Users\ThunderBear\AppData\Local\openvr\openvrpaths.vrpath
Unable to read VR Path Registry from C:\Users\ThunderBear\AppData\Local\openvr\openvrpaths.vrpath
Unable to read VR Path Registry from C:\Users\ThunderBear\AppData\Local\openvr\openvrpaths.vrpath
1520970359124	Marionette	INFO	Listening on port 58421
1520970359238	Marionette	WARN	TLS certificate errors will be ignored for this session
[Parent 8548, Gecko_IOThread] WARNING: pipe error: 109: file z:/build/build/src/ipc/chromium/src/chrome/common/ipc_channel_win.cc, line 346
[Child 4564, Chrome_ChildThread] WARNING: pipe error: 109: file z:/build/build/src/ipc/chromium/src/chrome/common/ipc_channel_win.cc, line 346
[Child 4564, Chrome_ChildThread] WARNING: pipe error: 109: file z:/build/build/src/ipc/chromium/src/chrome/common/ipc_channe[Parent 8548, Gecko_IOThread] WARNING: pipe error: 109: file z:/build/build/src/ipc/chromium/src/chrome/common/ipc_channel_win.cc, line 346
[Child 16044, Chrome_ChildThread] WARNING: pipe error: 109: file z:/build/build/src/ipc/chromium/src/chrome/common/ipc_channel_win.cc, line 346
[Parent 8548, Gecko_IOThread] WARNING: pipe error: 109: file z:/build/build/src/ipc/chromium/src/chrome/common/ipc_channel_win.cc, line 346

###!!! [Child][MessageChannel::SendAndWait] Error: Channel error: cannot send/recv

ta\Local\openvr\openvrpaths.vrpath
[Parent 11960, Gecko_IOThread] WARNING: pipe error: 109: file z:/build/build/src/ipc/chromium/src/chrome/common/ipc_channel_win.cc, line 346
[Child 13896, Chrome_ChildThread] WARNING: pipe error: 109: file z:/build/build/src/ipc/chromium/src/chrome/common/ipc_channel_win.cc, line 346
[[Parent 11960, Gecko_IOThread] WARNING: pipe error: 109: file z:/build/build/src/ipc/chromium/src/chrome/common/ipc_channel_win.cc, line 346
[Child 15100, Chrome_ChildThread] WARNING: pipe error: 109: file z:/build/build/src/ipc/chromium/src/chrome/common/ipc_channel_win.cc, line 346
[Parent 11960, Gecko_IOThread] WARNING: pipe error: 109: file z:/build/build/src/ipc/chromium/src/chrome/common/ipc_channel_win.cc, line 346

###!!! [Child][MessageChannel::SendAndWait] Error: Channel error: cannot send/recv

 from C:\Users\ThunderBear\AppData\Local\openvr\openvrpaths.vrpath
1520971840450	Marionette	WARN	TLS certificate errors will be ignored for this session
[Parent 12524, Gecko_IOThread] WARNING: pipe error: 109: file z:/build/build/src/ipc/chromium/src/chrome/common/ipc_channel_win.cc, line 346
[Child 17908, Chrome_ChildThread] WARNING: pipe error: 109: file z:/build/build/src/ipc/chromium/src/chrome/common/ipc_channel_win.cc, line 346
[Child 17908, Chrome_ChildThread] WARNING: pipe error: 109: file z:/build/build/src/ipc/chromium/src/chrome/common/ipc_channel_win.cc, line 346
[Parent 12524, Gecko_IOThread] WARNING: pipe error: 109: file z:/build/build/src/ipc/chromium/src/chrome/common/ipc_channel_win.cc, line 346
[Parent 12524, Gecko_IOThread] WARNING: pipe error: 109: file z:/build/build/src/ipc/chromium/src/chrome/common/ipc_channel_win.cc, line 346

###!!! [Child][MessageChannel::SendAndWait] Error: Channel error: cannot send/recv

y from C:\Users\ThunderBear\AppData\Local\openvr\openvrpaths.vrpath
1520976984652	Marionette	WARN	TLS certificate errors will be ignored for this session
[Parent 2224, Gecko_IOThread] WARNING: pipe error: 109: file z:/build/build/src/ipc/chromium/src/chrome/common/ipc_channel_win.cc, line 346
[Parent 2224, Gecko_IOThread] WARNING: pipe error: 109: file z:/build/build/src/ipc/chromium/src/chrome/common/ipc_channel_win.cc, line 346
[Child 6108, Chrome_ChildThread] WARNING: pipe error: 109: file z:/build/build/src/ipc/chromium/src/chrome/common/ipc_channel_win.cc, line 346
[Child 6108, Chrome_ChildThread] WA[Child 9912, Chrome_ChildThread] WARNING: pipe error: 109: file z:/build/build/src/ipc/chromium/src/chrome/common/ipc_channel_win.cc, line 346

###!!! [Child][MessageChannel::SendAndWait] Error: Channel error: cannot send/recv

1521065193809	geckodriver	INFO	geckodriver 0.19.1
1521065193816	geckodriver	INFO	Listening on 127.0.0.1:23081
1521065195917	mozrunner::runner	INFO	Running command: "C:\\Program Files\\Firefox Developer Edition\\firefox.exe" "-marionette" "-profile" "C:\\Users\\THUNDE~1\\AppData\\Local\\Temp\\rust_mozprofile.sq1VYISoNEkT"
Unable to read VR Path Registry from C:\Users\ThunderBear\AppData\Local\openvr\openvrpaths.vrpath
Unable to read VR Path Registry from C:\Users\ThunderBear\AppData\Local\openvr\openvrpaths.vrpath
Unable to read VR Path Registry from C:\Users\ThunderBear\AppData\Local\openvr\openvrpaths.vrpath
Unable to read VR Path Registry from C:\Users\ThunderBear\AppData\Local\openvr\openvrpaths.vrpath
Unable to read VR Path Registry from C:\Users\ThunderBear\AppData\Local\openvr\openvrpaths.vrpath
1521065198792	Marionette	INFO	Listening on port 23090
1521065199058	Marionette	WARN	TLS certificate errors will be ignored for this session
1521065342974	geckodriver	INFO	geckodriver 0.19.1
1521065342982	geckodriver	INFO	Listening on 127.0.0.1:23411
1521065345054	mozrunner::runner	INFO	Running command: "C:\\Program Files\\Firefox Developer Edition\\firefox.exe" "-marionette" "-profile" "C:\\Users\\THUNDE~1\\AppData\\Local\\Temp\\rust_mozprofile.2YhJPmHpk9W0"
Unable to read VR Path Registry from C:\Users\ThunderBear\AppData\Local\openvr\openvrpaths.vrpath
Unable to read VR Path Registry from C:\Users\ThunderBear\AppData\Local\openvr\openvrpaths.vrpath
Unable to read VR Path Registry from C:\Users\ThunderBear\AppData\Local\openvr\openvrpaths.vrpath
Unable to read VR Path Registry from C:\Users\ThunderBear\AppData\Local\openvr\openvrpaths.vrpath
1521065348298	Marionette	INFO	Listening on port 23421
Unable to read VR Path Registry from C:\Users\ThunderBear\AppData\Local\openvr\openvrpaths.vrpath
1521065348692	Marionette	WARN	TLS certificate errors will be ignored for this session
1521065366001	geckodriver	INFO	geckodriver 0.19.1
1521065366018	geckodriver	INFO	Listening on 127.0.0.1:23516
1521065368064	mozrunner::runner	INFO	Running command: "C:\\Program Files\\Firefox Developer Edition\\firefox.exe" "-marionette" "-profile" "C:\\Users\\THUNDE~1\\AppData\\Local\\Temp\\rust_mozprofile.swST6myRJnXy"
Unable to read VR Path Registry from C:\Users\ThunderBear\AppData\Local\openvr\openvrpaths.vrpath
Unable to read VR Path Registry from C:\Users\ThunderBear\AppData\Local\openvr\openvrpaths.vrpath
Unable to read VR Path Registry from C:\Users\ThunderBear\AppData\Local\openvr\openvrpaths.vrpath
Unable to read VR Path Registry from C:\Users\ThunderBear\AppData\Local\openvr\openvrpaths.vrpath
1521065371388	Marionette	INFO	Listening on port 23524
Unable to read VR Path Registry from C:\Users\ThunderBear\AppData\Local\openvr\openvrpaths.vrpath
1521065371682	Marionette	WARN	TLS certificate errors will be ignored for this session
JavaScript error: https://a.travel-assets.com/bundles/storefront-web/secondaryContent-bundle/memberOnlyDeals-1-en_US-fac06cb091d6dcc68fce57082a490cda-min.js, line 1: ReferenceError: Handlebars is not defined
1521065704367	geckodriver	INFO	geckodriver 0.19.1
1521065704376	geckodriver	INFO	Listening on 127.0.0.1:24440
1521065706437	mozrunner::runner	INFO	Running command: "C:\\Program Files\\Firefox Developer Edition\\firefox.exe" "-marionette" "-profile" "C:\\Users\\THUNDE~1\\AppData\\Local\\Temp\\rust_mozprofile.h0f7zTNn4hP2"
Unable to read VR Path Registry from C:\Users\ThunderBear\AppData\Local\openvr\openvrpaths.vrpath
Unable to read VR Path Registry from C:\Users\ThunderBear\AppData\Local\openvr\openvrpaths.vrpath
Unable to read VR Path Registry from C:\Users\ThunderBear\AppData\Local\openvr\openvrpaths.vrpath
Unable to read VR Path Registry from C:\Users\ThunderBear\AppData\Local\openvr\openvrpaths.vrpath
1521065708958	Marionette	INFO	Listening on port 24450
Unable to read VR Path Registry from C:\Users\ThunderBear\AppData\Local\openvr\openvrpaths.vrpath
1521065709562	Marionette	WARN	TLS certificate errors will be ignored for this session
1521065722698	geckodriver	INFO	geckodriver 0.19.1
1521065722716	geckodriver	INFO	Listening on 127.0.0.1:24537
1521065724745	mozrunner::runner	INFO	Running command: "C:\\Program Files\\Firefox Developer Edition\\firefox.exe" "-marionette" "-profile" "C:\\Users\\THUNDE~1\\AppData\\Local\\Temp\\rust_mozprofile.PZf5mWCrA3XC"
Unable to read VR Path Registry from C:\Users\ThunderBear\AppData\Local\openvr\openvrpaths.vrpath
Unable to read VR Path Registry from C:\Users\ThunderBear\AppData\Local\openvr\openvrpaths.vrpath
Unable to read VR Path Registry from C:\Users\ThunderBear\AppData\Local\openvr\openvrpaths.vrpath
Unable to read VR Path Registry from C:\Users\ThunderBear\AppData\Local\openvr\openvrpaths.vrpath
Unable to read VR Path Registry from C:\Users\ThunderBear\AppData\Local\openvr\openvrpaths.vrpath
1521065727326	Marionette	INFO	Listening on port 24545
1521065727866	Marionette	WARN	TLS certificate errors will be ignored for this session
JavaScript error: https://a.travel-assets.com/bundles/storefront-web/secondaryContent-bundle/memberOnlyDeals-1-en_US-fac06cb091d6dcc68fce57082a490cda-min.js, line 1: ReferenceError: Handlebars is not defined
